[2024/04/20 17:58:11] ppsci INFO: Auto collation is disabled and set num_workers to 0 to speed up batch sampling.
[2024/04/20 17:58:11] ppsci INFO: Auto collation is disabled and set num_workers to 0 to speed up batch sampling.
[2024/04/20 17:58:11] ppsci INFO: Using paddlepaddle 2.6.1 on device Place(gpu:0)
[2024/04/20 17:58:11] ppsci INFO: Set to_static=False for computational optimization.
[2024/04/20 17:58:12] ppsci INFO: [Train][Epoch  1/10][Iter   1/100] lr: 0.00200, loss: 4.96853, EQ: 0.39342, BC: 4.57511, batch_cost: 0.76418s, reader_cost: 0.00012s, ips: 43.18, eta: 0:12:43
[2024/04/20 17:58:12] ppsci INFO: [Train][Epoch  1/10][Iter  10/100] lr: 0.00200, loss: 2.02443, EQ: 1.26240, BC: 0.76202, batch_cost: 0.00153s, reader_cost: 0.00008s, ips: 21536.28, eta: 0:00:01
[2024/04/20 17:58:12] ppsci INFO: [Train][Epoch  1/10][Iter  20/100] lr: 0.00200, loss: 1.61430, EQ: 1.06010, BC: 0.55420, batch_cost: 0.00156s, reader_cost: 0.00009s, ips: 21153.90, eta: 0:00:01
[2024/04/20 17:58:12] ppsci INFO: [Train][Epoch  1/10][Iter  30/100] lr: 0.00200, loss: 1.37624, EQ: 0.99754, BC: 0.37871, batch_cost: 0.00158s, reader_cost: 0.00009s, ips: 20874.55, eta: 0:00:01
[2024/04/20 17:58:12] ppsci INFO: [Train][Epoch  1/10][Iter  40/100] lr: 0.00200, loss: 1.21084, EQ: 0.90882, BC: 0.30202, batch_cost: 0.00156s, reader_cost: 0.00009s, ips: 21185.25, eta: 0:00:01
[2024/04/20 17:58:12] ppsci INFO: [Train][Epoch  1/10][Iter  50/100] lr: 0.00200, loss: 1.08659, EQ: 0.83733, BC: 0.24926, batch_cost: 0.00156s, reader_cost: 0.00009s, ips: 21101.19, eta: 0:00:01
[2024/04/20 17:58:12] ppsci INFO: [Train][Epoch  1/10][Iter  60/100] lr: 0.00200, loss: 0.97566, EQ: 0.76613, BC: 0.20953, batch_cost: 0.00160s, reader_cost: 0.00009s, ips: 20684.21, eta: 0:00:01
[2024/04/20 17:58:12] ppsci INFO: [Train][Epoch  1/10][Iter  70/100] lr: 0.00200, loss: 0.87726, EQ: 0.69664, BC: 0.18062, batch_cost: 0.00158s, reader_cost: 0.00009s, ips: 20867.35, eta: 0:00:01
[2024/04/20 17:58:12] ppsci INFO: [Train][Epoch  1/10][Iter  80/100] lr: 0.00200, loss: 0.79253, EQ: 0.63404, BC: 0.15849, batch_cost: 0.00157s, reader_cost: 0.00009s, ips: 21032.22, eta: 0:00:01
[2024/04/20 17:58:12] ppsci INFO: [Train][Epoch  1/10][Iter  90/100] lr: 0.00200, loss: 0.71971, EQ: 0.57868, BC: 0.14103, batch_cost: 0.00158s, reader_cost: 0.00009s, ips: 20836.56, eta: 0:00:01
[2024/04/20 17:58:12] ppsci INFO: [Train][Epoch  1/10][Iter 100/100] lr: 0.00200, loss: 0.65657, EQ: 0.52959, BC: 0.12698, batch_cost: 0.00158s, reader_cost: 0.00009s, ips: 20908.39, eta: 0:00:01
[2024/04/20 17:58:12] ppsci MESSAGE: Finish saving checkpoint to: res/output_quick_start_case2/checkpoints/latest(latest checkpoint will be saved every epoch as expected, but this log will be printed only once for tidy logging)
[2024/04/20 17:58:12] ppsci INFO: [Train][Epoch  2/10][Iter  10/100] lr: 0.00200, loss: 0.08135, EQ: 0.08101, BC: 0.00034, batch_cost: 0.00148s, reader_cost: 0.00008s, ips: 22233.62, eta: 0:00:01
[2024/04/20 17:58:12] ppsci INFO: [Train][Epoch  2/10][Iter  20/100] lr: 0.00200, loss: 0.06982, EQ: 0.06940, BC: 0.00042, batch_cost: 0.00150s, reader_cost: 0.00008s, ips: 21943.26, eta: 0:00:01
[2024/04/20 17:58:12] ppsci INFO: [Train][Epoch  2/10][Iter  30/100] lr: 0.00200, loss: 0.06528, EQ: 0.06494, BC: 0.00034, batch_cost: 0.00152s, reader_cost: 0.00008s, ips: 21763.65, eta: 0:00:01
[2024/04/20 17:58:12] ppsci INFO: [Train][Epoch  2/10][Iter  40/100] lr: 0.00200, loss: 0.05897, EQ: 0.05867, BC: 0.00030, batch_cost: 0.00151s, reader_cost: 0.00009s, ips: 21791.18, eta: 0:00:01
[2024/04/20 17:58:12] ppsci INFO: [Train][Epoch  2/10][Iter  50/100] lr: 0.00200, loss: 0.05414, EQ: 0.05377, BC: 0.00037, batch_cost: 0.00150s, reader_cost: 0.00009s, ips: 22020.11, eta: 0:00:01
[2024/04/20 17:58:12] ppsci INFO: [Train][Epoch  2/10][Iter  60/100] lr: 0.00200, loss: 0.04976, EQ: 0.04895, BC: 0.00081, batch_cost: 0.00149s, reader_cost: 0.00009s, ips: 22137.49, eta: 0:00:01
[2024/04/20 17:58:12] ppsci INFO: [Train][Epoch  2/10][Iter  70/100] lr: 0.00200, loss: 0.04539, EQ: 0.04440, BC: 0.00099, batch_cost: 0.00148s, reader_cost: 0.00009s, ips: 22325.51, eta: 0:00:01
[2024/04/20 17:58:12] ppsci INFO: [Train][Epoch  2/10][Iter  80/100] lr: 0.00200, loss: 0.04181, EQ: 0.04085, BC: 0.00097, batch_cost: 0.00149s, reader_cost: 0.00009s, ips: 22074.19, eta: 0:00:01
[2024/04/20 17:58:12] ppsci INFO: [Train][Epoch  2/10][Iter  90/100] lr: 0.00200, loss: 0.03881, EQ: 0.03789, BC: 0.00092, batch_cost: 0.00149s, reader_cost: 0.00009s, ips: 22150.66, eta: 0:00:01
[2024/04/20 17:58:12] ppsci INFO: [Train][Epoch  2/10][Iter 100/100] lr: 0.00200, loss: 0.03583, EQ: 0.03497, BC: 0.00086, batch_cost: 0.00150s, reader_cost: 0.00009s, ips: 22033.33, eta: 0:00:01
[2024/04/20 17:58:12] ppsci INFO: [Train][Epoch  3/10][Iter  10/100] lr: 0.00200, loss: 0.00887, EQ: 0.00854, BC: 0.00032, batch_cost: 0.00142s, reader_cost: 0.00008s, ips: 23176.43, eta: 0:00:01
[2024/04/20 17:58:12] ppsci INFO: [Train][Epoch  3/10][Iter  20/100] lr: 0.00200, loss: 0.00753, EQ: 0.00732, BC: 0.00021, batch_cost: 0.00152s, reader_cost: 0.00009s, ips: 21779.77, eta: 0:00:01
[2024/04/20 17:58:12] ppsci INFO: [Train][Epoch  3/10][Iter  30/100] lr: 0.00200, loss: 0.00650, EQ: 0.00631, BC: 0.00019, batch_cost: 0.00155s, reader_cost: 0.00009s, ips: 21334.04, eta: 0:00:01
[2024/04/20 17:58:12] ppsci INFO: [Train][Epoch  3/10][Iter  40/100] lr: 0.00200, loss: 0.00604, EQ: 0.00587, BC: 0.00016, batch_cost: 0.00153s, reader_cost: 0.00009s, ips: 21621.47, eta: 0:00:01
[2024/04/20 17:58:12] ppsci INFO: [Train][Epoch  3/10][Iter  50/100] lr: 0.00200, loss: 0.00551, EQ: 0.00535, BC: 0.00016, batch_cost: 0.00153s, reader_cost: 0.00010s, ips: 21549.87, eta: 0:00:01
[2024/04/20 17:58:12] ppsci INFO: [Train][Epoch  3/10][Iter  60/100] lr: 0.00200, loss: 0.00515, EQ: 0.00495, BC: 0.00019, batch_cost: 0.00153s, reader_cost: 0.00010s, ips: 21544.42, eta: 0:00:01
[2024/04/20 17:58:12] ppsci INFO: [Train][Epoch  3/10][Iter  70/100] lr: 0.00200, loss: 0.00485, EQ: 0.00464, BC: 0.00022, batch_cost: 0.00153s, reader_cost: 0.00009s, ips: 21617.08, eta: 0:00:01
[2024/04/20 17:58:12] ppsci INFO: [Train][Epoch  3/10][Iter  80/100] lr: 0.00200, loss: 0.00455, EQ: 0.00432, BC: 0.00024, batch_cost: 0.00152s, reader_cost: 0.00009s, ips: 21695.58, eta: 0:00:01
[2024/04/20 17:58:13] ppsci INFO: [Train][Epoch  3/10][Iter  90/100] lr: 0.00200, loss: 0.00433, EQ: 0.00408, BC: 0.00025, batch_cost: 0.00152s, reader_cost: 0.00009s, ips: 21680.34, eta: 0:00:01
[2024/04/20 17:58:13] ppsci INFO: [Train][Epoch  3/10][Iter 100/100] lr: 0.00200, loss: 0.00409, EQ: 0.00385, BC: 0.00024, batch_cost: 0.00151s, reader_cost: 0.00009s, ips: 21853.22, eta: 0:00:01
[2024/04/20 17:58:13] ppsci INFO: [Train][Epoch  4/10][Iter  10/100] lr: 0.00200, loss: 0.00184, EQ: 0.00162, BC: 0.00022, batch_cost: 0.00156s, reader_cost: 0.00008s, ips: 21185.73, eta: 0:00:01
[2024/04/20 17:58:13] ppsci INFO: [Train][Epoch  4/10][Iter  20/100] lr: 0.00200, loss: 0.00167, EQ: 0.00147, BC: 0.00020, batch_cost: 0.00157s, reader_cost: 0.00009s, ips: 21015.35, eta: 0:00:01
[2024/04/20 17:58:13] ppsci INFO: [Train][Epoch  4/10][Iter  30/100] lr: 0.00200, loss: 0.00160, EQ: 0.00145, BC: 0.00015, batch_cost: 0.00154s, reader_cost: 0.00008s, ips: 21380.25, eta: 0:00:01
[2024/04/20 17:58:13] ppsci INFO: [Train][Epoch  4/10][Iter  40/100] lr: 0.00200, loss: 0.00169, EQ: 0.00143, BC: 0.00026, batch_cost: 0.00156s, reader_cost: 0.00008s, ips: 21152.65, eta: 0:00:01
[2024/04/20 17:58:13] ppsci INFO: [Train][Epoch  4/10][Iter  50/100] lr: 0.00200, loss: 0.00177, EQ: 0.00142, BC: 0.00035, batch_cost: 0.00156s, reader_cost: 0.00008s, ips: 21172.65, eta: 0:00:01
[2024/04/20 17:58:13] ppsci INFO: [Train][Epoch  4/10][Iter  60/100] lr: 0.00200, loss: 0.00178, EQ: 0.00137, BC: 0.00040, batch_cost: 0.00155s, reader_cost: 0.00008s, ips: 21291.07, eta: 0:00:00
[2024/04/20 17:58:13] ppsci INFO: [Train][Epoch  4/10][Iter  70/100] lr: 0.00200, loss: 0.00173, EQ: 0.00134, BC: 0.00039, batch_cost: 0.00155s, reader_cost: 0.00008s, ips: 21305.76, eta: 0:00:00
[2024/04/20 17:58:13] ppsci INFO: [Train][Epoch  4/10][Iter  80/100] lr: 0.00200, loss: 0.00167, EQ: 0.00132, BC: 0.00036, batch_cost: 0.00162s, reader_cost: 0.00009s, ips: 20331.67, eta: 0:00:01
[2024/04/20 17:58:13] ppsci INFO: [Train][Epoch  4/10][Iter  90/100] lr: 0.00200, loss: 0.00162, EQ: 0.00129, BC: 0.00033, batch_cost: 0.00163s, reader_cost: 0.00009s, ips: 20287.58, eta: 0:00:00
[2024/04/20 17:58:13] ppsci INFO: [Train][Epoch  4/10][Iter 100/100] lr: 0.00200, loss: 0.00157, EQ: 0.00126, BC: 0.00030, batch_cost: 0.00161s, reader_cost: 0.00009s, ips: 20506.50, eta: 0:00:00
[2024/04/20 17:58:13] ppsci INFO: [Train][Epoch  5/10][Iter  10/100] lr: 0.00200, loss: 0.00117, EQ: 0.00094, BC: 0.00023, batch_cost: 0.00157s, reader_cost: 0.00012s, ips: 21040.47, eta: 0:00:00
[2024/04/20 17:58:13] ppsci INFO: [Train][Epoch  5/10][Iter  20/100] lr: 0.00200, loss: 0.00125, EQ: 0.00090, BC: 0.00034, batch_cost: 0.00157s, reader_cost: 0.00010s, ips: 20991.72, eta: 0:00:00
[2024/04/20 17:58:13] ppsci INFO: [Train][Epoch  5/10][Iter  30/100] lr: 0.00200, loss: 0.00131, EQ: 0.00098, BC: 0.00034, batch_cost: 0.00154s, reader_cost: 0.00010s, ips: 21420.03, eta: 0:00:00
[2024/04/20 17:58:13] ppsci INFO: [Train][Epoch  5/10][Iter  40/100] lr: 0.00200, loss: 0.00145, EQ: 0.00099, BC: 0.00046, batch_cost: 0.00161s, reader_cost: 0.00011s, ips: 20476.86, eta: 0:00:00
[2024/04/20 17:58:13] ppsci INFO: [Train][Epoch  5/10][Iter  50/100] lr: 0.00200, loss: 0.00152, EQ: 0.00099, BC: 0.00053, batch_cost: 0.00157s, reader_cost: 0.00011s, ips: 20956.25, eta: 0:00:00
[2024/04/20 17:58:13] ppsci INFO: [Train][Epoch  5/10][Iter  60/100] lr: 0.00200, loss: 0.00162, EQ: 0.00101, BC: 0.00062, batch_cost: 0.00163s, reader_cost: 0.00012s, ips: 20292.35, eta: 0:00:00
[2024/04/20 17:58:13] ppsci INFO: [Train][Epoch  5/10][Iter  70/100] lr: 0.00200, loss: 0.00157, EQ: 0.00101, BC: 0.00055, batch_cost: 0.00163s, reader_cost: 0.00012s, ips: 20280.44, eta: 0:00:00
[2024/04/20 17:58:13] ppsci INFO: [Train][Epoch  5/10][Iter  80/100] lr: 0.00200, loss: 0.00148, EQ: 0.00099, BC: 0.00049, batch_cost: 0.00163s, reader_cost: 0.00011s, ips: 20251.72, eta: 0:00:00
[2024/04/20 17:58:13] ppsci INFO: [Train][Epoch  5/10][Iter  90/100] lr: 0.00200, loss: 0.00144, EQ: 0.00098, BC: 0.00046, batch_cost: 0.00162s, reader_cost: 0.00011s, ips: 20325.88, eta: 0:00:00
[2024/04/20 17:58:13] ppsci INFO: [Train][Epoch  5/10][Iter 100/100] lr: 0.00200, loss: 0.00150, EQ: 0.00100, BC: 0.00051, batch_cost: 0.00161s, reader_cost: 0.00011s, ips: 20512.69, eta: 0:00:00
[2024/04/20 17:58:13] ppsci INFO: [Train][Epoch  6/10][Iter  10/100] lr: 0.00200, loss: 0.00126, EQ: 0.00092, BC: 0.00034, batch_cost: 0.00145s, reader_cost: 0.00011s, ips: 22763.04, eta: 0:00:00
[2024/04/20 17:58:13] ppsci INFO: [Train][Epoch  6/10][Iter  20/100] lr: 0.00200, loss: 0.00127, EQ: 0.00094, BC: 0.00033, batch_cost: 0.00147s, reader_cost: 0.00012s, ips: 22514.06, eta: 0:00:00
[2024/04/20 17:58:13] ppsci INFO: [Train][Epoch  6/10][Iter  30/100] lr: 0.00200, loss: 0.00140, EQ: 0.00094, BC: 0.00046, batch_cost: 0.00148s, reader_cost: 0.00012s, ips: 22239.98, eta: 0:00:00
[2024/04/20 17:58:13] ppsci INFO: [Train][Epoch  6/10][Iter  40/100] lr: 0.00200, loss: 0.00134, EQ: 0.00093, BC: 0.00041, batch_cost: 0.00148s, reader_cost: 0.00011s, ips: 22345.67, eta: 0:00:00
[2024/04/20 17:58:13] ppsci INFO: [Train][Epoch  6/10][Iter  50/100] lr: 0.00200, loss: 0.00127, EQ: 0.00091, BC: 0.00036, batch_cost: 0.00148s, reader_cost: 0.00010s, ips: 22356.31, eta: 0:00:00
[2024/04/20 17:58:13] ppsci INFO: [Train][Epoch  6/10][Iter  60/100] lr: 0.00200, loss: 0.00152, EQ: 0.00094, BC: 0.00058, batch_cost: 0.00149s, reader_cost: 0.00010s, ips: 22190.59, eta: 0:00:00
[2024/04/20 17:58:13] ppsci INFO: [Train][Epoch  6/10][Iter  70/100] lr: 0.00200, loss: 0.00170, EQ: 0.00097, BC: 0.00072, batch_cost: 0.00149s, reader_cost: 0.00010s, ips: 22115.07, eta: 0:00:00
[2024/04/20 17:58:13] ppsci INFO: [Train][Epoch  6/10][Iter  80/100] lr: 0.00200, loss: 0.00164, EQ: 0.00096, BC: 0.00069, batch_cost: 0.00148s, reader_cost: 0.00010s, ips: 22226.61, eta: 0:00:00
[2024/04/20 17:58:13] ppsci INFO: [Train][Epoch  6/10][Iter  90/100] lr: 0.00200, loss: 0.00162, EQ: 0.00096, BC: 0.00065, batch_cost: 0.00149s, reader_cost: 0.00010s, ips: 22174.49, eta: 0:00:00
[2024/04/20 17:58:13] ppsci INFO: [Train][Epoch  6/10][Iter 100/100] lr: 0.00200, loss: 0.00169, EQ: 0.00097, BC: 0.00073, batch_cost: 0.00149s, reader_cost: 0.00010s, ips: 22182.29, eta: 0:00:00
[2024/04/20 17:58:13] ppsci INFO: [Train][Epoch  7/10][Iter  10/100] lr: 0.00200, loss: 0.00111, EQ: 0.00078, BC: 0.00033, batch_cost: 0.00152s, reader_cost: 0.00008s, ips: 21647.02, eta: 0:00:00
[2024/04/20 17:58:13] ppsci INFO: [Train][Epoch  7/10][Iter  20/100] lr: 0.00200, loss: 0.00116, EQ: 0.00088, BC: 0.00028, batch_cost: 0.00149s, reader_cost: 0.00009s, ips: 22123.32, eta: 0:00:00
[2024/04/20 17:58:13] ppsci INFO: [Train][Epoch  7/10][Iter  30/100] lr: 0.00200, loss: 0.00172, EQ: 0.00095, BC: 0.00077, batch_cost: 0.00148s, reader_cost: 0.00010s, ips: 22318.78, eta: 0:00:00
[2024/04/20 17:58:13] ppsci INFO: [Train][Epoch  7/10][Iter  40/100] lr: 0.00200, loss: 0.00178, EQ: 0.00099, BC: 0.00079, batch_cost: 0.00148s, reader_cost: 0.00010s, ips: 22309.22, eta: 0:00:00
[2024/04/20 17:58:13] ppsci INFO: [Train][Epoch  7/10][Iter  50/100] lr: 0.00200, loss: 0.00188, EQ: 0.00097, BC: 0.00091, batch_cost: 0.00148s, reader_cost: 0.00010s, ips: 22294.86, eta: 0:00:00
[2024/04/20 17:58:13] ppsci INFO: [Train][Epoch  7/10][Iter  60/100] lr: 0.00200, loss: 0.00226, EQ: 0.00100, BC: 0.00126, batch_cost: 0.00148s, reader_cost: 0.00010s, ips: 22350.82, eta: 0:00:00
[2024/04/20 17:58:13] ppsci INFO: [Train][Epoch  7/10][Iter  70/100] lr: 0.00200, loss: 0.00225, EQ: 0.00100, BC: 0.00125, batch_cost: 0.00148s, reader_cost: 0.00010s, ips: 22231.07, eta: 0:00:00
[2024/04/20 17:58:13] ppsci INFO: [Train][Epoch  7/10][Iter  80/100] lr: 0.00200, loss: 0.00222, EQ: 0.00098, BC: 0.00124, batch_cost: 0.00149s, reader_cost: 0.00009s, ips: 22125.76, eta: 0:00:00
[2024/04/20 17:58:13] ppsci INFO: [Train][Epoch  7/10][Iter  90/100] lr: 0.00200, loss: 0.00236, EQ: 0.00099, BC: 0.00136, batch_cost: 0.00149s, reader_cost: 0.00009s, ips: 22096.08, eta: 0:00:00
[2024/04/20 17:58:13] ppsci INFO: [Train][Epoch  7/10][Iter 100/100] lr: 0.00200, loss: 0.00227, EQ: 0.00097, BC: 0.00130, batch_cost: 0.00149s, reader_cost: 0.00009s, ips: 22189.83, eta: 0:00:00
[2024/04/20 17:58:13] ppsci INFO: [Train][Epoch  8/10][Iter  10/100] lr: 0.00200, loss: 0.00076, EQ: 0.00065, BC: 0.00012, batch_cost: 0.00150s, reader_cost: 0.00014s, ips: 22009.18, eta: 0:00:00
[2024/04/20 17:58:13] ppsci INFO: [Train][Epoch  8/10][Iter  20/100] lr: 0.00200, loss: 0.00095, EQ: 0.00081, BC: 0.00014, batch_cost: 0.00152s, reader_cost: 0.00013s, ips: 21657.74, eta: 0:00:00
[2024/04/20 17:58:13] ppsci INFO: [Train][Epoch  8/10][Iter  30/100] lr: 0.00200, loss: 0.00101, EQ: 0.00086, BC: 0.00015, batch_cost: 0.00153s, reader_cost: 0.00011s, ips: 21639.26, eta: 0:00:00
[2024/04/20 17:58:13] ppsci INFO: [Train][Epoch  8/10][Iter  40/100] lr: 0.00200, loss: 0.00096, EQ: 0.00081, BC: 0.00015, batch_cost: 0.00160s, reader_cost: 0.00011s, ips: 20626.69, eta: 0:00:00
[2024/04/20 17:58:13] ppsci INFO: [Train][Epoch  8/10][Iter  50/100] lr: 0.00200, loss: 0.00129, EQ: 0.00086, BC: 0.00043, batch_cost: 0.00158s, reader_cost: 0.00010s, ips: 20860.81, eta: 0:00:00
[2024/04/20 17:58:13] ppsci INFO: [Train][Epoch  8/10][Iter  60/100] lr: 0.00200, loss: 0.00133, EQ: 0.00088, BC: 0.00045, batch_cost: 0.00158s, reader_cost: 0.00010s, ips: 20884.45, eta: 0:00:00
[2024/04/20 17:58:13] ppsci INFO: [Train][Epoch  8/10][Iter  70/100] lr: 0.00200, loss: 0.00128, EQ: 0.00088, BC: 0.00040, batch_cost: 0.00158s, reader_cost: 0.00010s, ips: 20942.91, eta: 0:00:00
[2024/04/20 17:58:13] ppsci INFO: [Train][Epoch  8/10][Iter  80/100] lr: 0.00200, loss: 0.00124, EQ: 0.00087, BC: 0.00037, batch_cost: 0.00156s, reader_cost: 0.00009s, ips: 21108.38, eta: 0:00:00
[2024/04/20 17:58:13] ppsci INFO: [Train][Epoch  8/10][Iter  90/100] lr: 0.00200, loss: 0.00122, EQ: 0.00086, BC: 0.00036, batch_cost: 0.00157s, reader_cost: 0.00009s, ips: 21063.85, eta: 0:00:00
[2024/04/20 17:58:13] ppsci INFO: [Train][Epoch  8/10][Iter 100/100] lr: 0.00200, loss: 0.00138, EQ: 0.00088, BC: 0.00049, batch_cost: 0.00156s, reader_cost: 0.00009s, ips: 21208.39, eta: 0:00:00
[2024/04/20 17:58:13] ppsci INFO: [Train][Epoch  9/10][Iter  10/100] lr: 0.00200, loss: 0.00360, EQ: 0.00108, BC: 0.00252, batch_cost: 0.00146s, reader_cost: 0.00008s, ips: 22550.75, eta: 0:00:00
[2024/04/20 17:58:13] ppsci INFO: [Train][Epoch  9/10][Iter  20/100] lr: 0.00200, loss: 0.00406, EQ: 0.00111, BC: 0.00295, batch_cost: 0.00153s, reader_cost: 0.00009s, ips: 21591.58, eta: 0:00:00
[2024/04/20 17:58:13] ppsci INFO: [Train][Epoch  9/10][Iter  30/100] lr: 0.00200, loss: 0.00323, EQ: 0.00101, BC: 0.00222, batch_cost: 0.00156s, reader_cost: 0.00009s, ips: 21207.90, eta: 0:00:00
[2024/04/20 17:58:13] ppsci INFO: [Train][Epoch  9/10][Iter  40/100] lr: 0.00200, loss: 0.00286, EQ: 0.00100, BC: 0.00186, batch_cost: 0.00157s, reader_cost: 0.00009s, ips: 20984.34, eta: 0:00:00
[2024/04/20 17:58:13] ppsci INFO: [Train][Epoch  9/10][Iter  50/100] lr: 0.00200, loss: 0.00254, EQ: 0.00095, BC: 0.00160, batch_cost: 0.00158s, reader_cost: 0.00008s, ips: 20910.70, eta: 0:00:00
[2024/04/20 17:58:13] ppsci INFO: [Train][Epoch  9/10][Iter  60/100] lr: 0.00200, loss: 0.00243, EQ: 0.00093, BC: 0.00149, batch_cost: 0.00158s, reader_cost: 0.00008s, ips: 20916.62, eta: 0:00:00
[2024/04/20 17:58:13] ppsci INFO: [Train][Epoch  9/10][Iter  70/100] lr: 0.00200, loss: 0.00239, EQ: 0.00094, BC: 0.00145, batch_cost: 0.00162s, reader_cost: 0.00009s, ips: 20390.74, eta: 0:00:00
[2024/04/20 17:58:13] ppsci INFO: [Train][Epoch  9/10][Iter  80/100] lr: 0.00200, loss: 0.00226, EQ: 0.00093, BC: 0.00133, batch_cost: 0.00160s, reader_cost: 0.00009s, ips: 20580.80, eta: 0:00:00
[2024/04/20 17:58:13] ppsci INFO: [Train][Epoch  9/10][Iter  90/100] lr: 0.00200, loss: 0.00213, EQ: 0.00091, BC: 0.00122, batch_cost: 0.00159s, reader_cost: 0.00008s, ips: 20706.95, eta: 0:00:00
[2024/04/20 17:58:13] ppsci INFO: [Train][Epoch  9/10][Iter 100/100] lr: 0.00200, loss: 0.00201, EQ: 0.00090, BC: 0.00111, batch_cost: 0.00158s, reader_cost: 0.00009s, ips: 20903.23, eta: 0:00:00
[2024/04/20 17:58:14] ppsci INFO: [Train][Epoch 10/10][Iter  10/100] lr: 0.00200, loss: 0.00076, EQ: 0.00073, BC: 0.00004, batch_cost: 0.00148s, reader_cost: 0.00008s, ips: 22349.92, eta: 0:00:00
[2024/04/20 17:58:14] ppsci INFO: [Train][Epoch 10/10][Iter  20/100] lr: 0.00200, loss: 0.00116, EQ: 0.00078, BC: 0.00039, batch_cost: 0.00150s, reader_cost: 0.00008s, ips: 22060.54, eta: 0:00:00
[2024/04/20 17:58:14] ppsci INFO: [Train][Epoch 10/10][Iter  30/100] lr: 0.00200, loss: 0.00241, EQ: 0.00093, BC: 0.00148, batch_cost: 0.00151s, reader_cost: 0.00011s, ips: 21845.95, eta: 0:00:00
[2024/04/20 17:58:14] ppsci INFO: [Train][Epoch 10/10][Iter  40/100] lr: 0.00200, loss: 0.00292, EQ: 0.00094, BC: 0.00198, batch_cost: 0.00157s, reader_cost: 0.00011s, ips: 20959.29, eta: 0:00:00
[2024/04/20 17:58:14] ppsci INFO: [Train][Epoch 10/10][Iter  50/100] lr: 0.00200, loss: 0.00336, EQ: 0.00097, BC: 0.00239, batch_cost: 0.00156s, reader_cost: 0.00010s, ips: 21126.76, eta: 0:00:00
[2024/04/20 17:58:14] ppsci INFO: [Train][Epoch 10/10][Iter  60/100] lr: 0.00200, loss: 0.00351, EQ: 0.00100, BC: 0.00251, batch_cost: 0.00155s, reader_cost: 0.00010s, ips: 21229.46, eta: 0:00:00
[2024/04/20 17:58:14] ppsci INFO: [Train][Epoch 10/10][Iter  70/100] lr: 0.00200, loss: 0.00331, EQ: 0.00098, BC: 0.00232, batch_cost: 0.00153s, reader_cost: 0.00010s, ips: 21608.26, eta: 0:00:00
[2024/04/20 17:58:14] ppsci INFO: [Train][Epoch 10/10][Iter  80/100] lr: 0.00200, loss: 0.00305, EQ: 0.00096, BC: 0.00209, batch_cost: 0.00154s, reader_cost: 0.00010s, ips: 21467.09, eta: 0:00:00
[2024/04/20 17:58:14] ppsci INFO: [Train][Epoch 10/10][Iter  90/100] lr: 0.00200, loss: 0.00285, EQ: 0.00094, BC: 0.00191, batch_cost: 0.00154s, reader_cost: 0.00010s, ips: 21409.07, eta: 0:00:00
[2024/04/20 17:58:14] ppsci INFO: [Train][Epoch 10/10][Iter 100/100] lr: 0.00200, loss: 0.00268, EQ: 0.00092, BC: 0.00176, batch_cost: 0.00154s, reader_cost: 0.00010s, ips: 21480.87, eta: 0:00:00
[2024/04/20 17:58:14] ppsci INFO: l2_rel = 0.00869
[2024/04/20 17:58:14] ppsci MESSAGE: 1D result is saved to: res/output_quick_start_case2/visual/epoch_0/u=sin(x).png
[2024/04/20 17:58:14] ppsci INFO: [Visualize][Epoch 0] Finish visualization
